<?xml version="1.0" encoding="UTF-8" ?>
<testsuite tests="11" failures="0" name="Runner" time="7.685" errors="0" skipped="0">
  <properties>
[...]
</properties>
  <testcase classname="validar cadastro com sucesso no site Register" name="que eu acesse o site Register" time="5.777"/>
  <testcase classname="validar cadastro com sucesso no site Register" name="preencho o campo nome com valor &quot;Camila&quot; e sobrenome &quot;Marques&quot;" time="0.193"/>
  <testcase classname="validar cadastro com sucesso no site Register" name="preencho o campo endereço com valor &quot;R Joaquim Lapas Veiga&quot;" time="0.072"/>
  <testcase classname="validar cadastro com sucesso no site Register" name="preencho o email com valor &quot;teste@teste.com.br&quot;" time="0.07"/>
  <testcase classname="validar cadastro com sucesso no site Register" name="preencho o campo telefone com valor &quot;11980488458&quot;" time="0.068"/>
  <testcase classname="validar cadastro com sucesso no site Register" name="clico no checkbox feminino" time="0.057"/>
  <testcase classname="validar cadastro com sucesso no site Register" name="clico no checkbox movies" time="0.052"/>
  <testcase classname="validar cadastro com sucesso no site Register" name="seleciono skills &quot;Java&quot;" time="0.137"/>
  <testcase classname="validar cadastro com sucesso no site Register" name="seleciono um country" time="0.099"/>
  <testcase classname="validar cadastro com sucesso no site Register" name="seleciono o ano &quot;1992&quot;, o mes &quot;October&quot;, o dia &quot;15&quot;" time="0.219"/>
  <testcase classname="validar cadastro com sucesso no site Register" name="validar cadastro com sucesso no site Register" time="0.941"/>
</testsuite>